<?xml version="1.0" encoding="UTF-8"?>
<!-- Generated by org.testng.reporters.JUnitReportReporter -->
<testsuite hostname="DESKTOP-RMOCKGK" failures="0" tests="2" name="TempTest.VerifyTourKite" time="15.579" errors="0" timestamp="2022-09-15T19:10:08 IST" skipped="1">
  <testcase classname="TempTest.VerifyTourKite" name="verifyTourKite" time="0.000">
    <skipped/>
  </testcase> <!-- verifyTourKite -->
  <system-out/>
  <testcase classname="TempTest.VerifyTourKite" name="verifyTourKite" time="15.579"/>
  <system-out/>
</testsuite> <!-- TempTest.VerifyTourKite -->
