<?xml version="1.0" encoding="UTF-8"?>
<!-- Generated by org.testng.reporters.JUnitReportReporter -->
<testsuite hostname="DESKTOP-RMOCKGK" failures="0" tests="4" name="TempTest.VerifySerachBoxAndChartPage" time="35.618" errors="0" timestamp="2022-09-15T19:10:08 IST" skipped="2">
  <testcase classname="TempTest.VerifySerachBoxAndChartPage" name="verifyStocksChart" time="21.605"/>
  <system-out/>
  <testcase classname="TempTest.VerifySerachBoxAndChartPage" name="verifyStocksChart" time="0.000">
    <skipped/>
  </testcase> <!-- verifyStocksChart -->
  <system-out/>
  <testcase classname="TempTest.VerifySerachBoxAndChartPage" name="serachStockAndAddToWatchlist" time="0.000">
    <skipped/>
  </testcase> <!-- serachStockAndAddToWatchlist -->
  <system-out/>
  <testcase classname="TempTest.VerifySerachBoxAndChartPage" name="serachStockAndAddToWatchlist" time="14.013"/>
  <system-out/>
</testsuite> <!-- TempTest.VerifySerachBoxAndChartPage -->
