<?xml version="1.0" encoding="UTF-8"?>
<!-- Generated by org.testng.reporters.JUnitReportReporter -->
<testsuite hostname="DESKTOP-RMOCKGK" failures="0" tests="2" name="TempTest.VerifyHeaderIconsUrlAndTitle" time="37.117" errors="0" timestamp="2022-09-13T16:07:24 IST" skipped="0">
  <testcase classname="TempTest.VerifyHeaderIconsUrlAndTitle" name="verifyStocksChart" time="18.541"/>
  <system-out/>
  <testcase classname="TempTest.VerifyHeaderIconsUrlAndTitle" name="serachStockAndAddToWatchlist" time="18.576"/>
  <system-out/>
</testsuite> <!-- TempTest.VerifyHeaderIconsUrlAndTitle -->
